  Bank Project.cpp
C:\Users\mahmo\source\repos\Course11\Bank ProjectT\Bank Project\Libs\clsString.h(37,19): warning C4267: 'return': conversion from 'size_t' to 'short', possible loss of data
  (compiling source file 'Bank%20Project.cpp')
  
C:\Users\mahmo\source\repos\Course11\Bank ProjectT\Bank Project\Libs\clsString.h(42,23): warning C4267: 'return': conversion from 'size_t' to 'short', possible loss of data
  (compiling source file 'Bank%20Project.cpp')
  
C:\Users\mahmo\source\repos\Course11\Bank ProjectT\Bank Project\Libs\clsString.h(54,24): warning C4267: '=': conversion from 'size_t' to 'short', possible loss of data
  (compiling source file 'Bank%20Project.cpp')
  
C:\Users\mahmo\source\repos\Course11\Bank ProjectT\Bank Project\Libs\clsString.h(189,20): warning C4267: 'return': conversion from 'size_t' to 'short', possible loss of data
  (compiling source file 'Bank%20Project.cpp')
  
C:\Users\mahmo\source\repos\Course11\Bank ProjectT\Bank Project\Libs\clsString.h(320,24): warning C4267: '=': conversion from 'size_t' to 'short', possible loss of data
  (compiling source file 'Bank%20Project.cpp')
  
C:\Users\mahmo\source\repos\Course11\Bank ProjectT\Bank Project\Libs\clsString.h(368,16): warning C4267: 'initializing': conversion from 'size_t' to 'short', possible loss of data
  (compiling source file 'Bank%20Project.cpp')
  
C:\Users\mahmo\source\repos\Course11\Bank ProjectT\Bank Project\Core\clsBankClient.h(188,9): warning C4240: nonstandard extension used: access to 'clsBankClient::stTransferLogRecord' now defined to be 'public', previously it was defined to be 'private'
  (compiling source file 'Bank%20Project.cpp')
      C:\Users\mahmo\source\repos\Course11\Bank ProjectT\Bank Project\Core\clsBankClient.h(25,9):
      see declaration of 'clsBankClient::stTransferLogRecord'
  
C:\Users\mahmo\source\repos\Course11\Bank ProjectT\Bank Project\Core\clsBankClient.h(34,144): warning C4244: 'argument': conversion from 'double' to 'float', possible loss of data
  (compiling source file 'Bank%20Project.cpp')
  
C:\Users\mahmo\source\repos\Course11\Bank ProjectT\Bank Project\Core\clsBankClient.h(238,10): warning C4244: 'return': conversion from 'double' to 'float', possible loss of data
  (compiling source file 'Bank%20Project.cpp')
  
C:\Users\mahmo\source\repos\Course11\Bank ProjectT\Bank Project\Libs\clsInputValidate.h(138,16): warning C4244: 'initializing': conversion from 'double' to 'short', possible loss of data
  (compiling source file 'Bank%20Project.cpp')
  
C:\Users\mahmo\source\repos\Course11\Bank ProjectT\Bank Project\Libs\clsInputValidate.h(142,28): warning C4244: '=': conversion from 'double' to 'short', possible loss of data
  (compiling source file 'Bank%20Project.cpp')
  
C:\Users\mahmo\source\repos\Course11\Bank ProjectT\Bank Project\Libs\clsUtil.h(64,5): warning C4102: 'defualt': unreferenced label
  (compiling source file 'Bank%20Project.cpp')
  
C:\Users\mahmo\source\repos\Course11\Bank ProjectT\Bank Project\Core\clsUser.h(171,9): warning C4240: nonstandard extension used: access to 'clsUser::stLoginRegisterRecord' now defined to be 'public', previously it was defined to be 'private'
  (compiling source file 'Bank%20Project.cpp')
      C:\Users\mahmo\source\repos\Course11\Bank ProjectT\Bank Project\Core\clsUser.h(26,9):
      see declaration of 'clsUser::stLoginRegisterRecord'
  
C:\Users\mahmo\source\repos\Course11\Bank ProjectT\Bank Project\Screens\Client\clsAddNewClientScreen.h(32,64): warning C4244: 'argument': conversion from 'double' to 'float', possible loss of data
  (compiling source file 'Bank%20Project.cpp')
  
C:\Users\mahmo\source\repos\Course11\Bank ProjectT\Bank Project\Screens\Client\clsUpdateClientScreen.h(33,64): warning C4244: 'argument': conversion from 'double' to 'float', possible loss of data
  (compiling source file 'Bank%20Project.cpp')
  
C:\Users\mahmo\source\repos\Course11\Bank ProjectT\Bank Project\Screens\Client\Transactions\clsTotalBalancesScreen.h(63,61): warning C4244: 'argument': conversion from 'double' to 'int', possible loss of data
  (compiling source file 'Bank%20Project.cpp')
  
C:\Users\mahmo\source\repos\Course11\Bank ProjectT\Bank Project\Screens\Client\Transactions\clsTransferScreen.h(49,44): warning C4244: '=': conversion from 'double' to 'float', possible loss of data
  (compiling source file 'Bank%20Project.cpp')
  
C:\Users\mahmo\source\repos\Course11\Bank ProjectT\Bank Project\Core\clsCurrency.h(28,8): warning C4244: 'argument': conversion from 'double' to 'float', possible loss of data
  (compiling source file 'Bank%20Project.cpp')
  
C:\Users\mahmo\source\repos\Course11\Bank ProjectT\Bank Project\Core\clsBankClient.h(357,1): warning C4715: 'clsBankClient::Save': not all control paths return a value
C:\Users\mahmo\source\repos\Course11\Bank ProjectT\Bank Project\Core\clsUser.h(317,1): warning C4715: 'clsUser::Save': not all control paths return a value
C:\Users\mahmo\source\repos\Course11\Bank ProjectT\Bank Project\Core\clsBankClient.h(420,1): warning C4715: 'clsBankClient::Withdraw': not all control paths return a value
  Bank Project.vcxproj -> C:\Users\mahmo\source\repos\Course11\Bank ProjectT\x64\Debug\Bank Project.exe
